[2024-09-17T08:09:12.803+0000] {local_task_job_runner.py:123} INFO - ::group::Pre task execution logs
[2024-09-17T08:09:12.851+0000] {taskinstance.py:2612} INFO - Dependencies all met for dep_context=non-requeueable deps ti=<TaskInstance: real_estate_pipeline.push_square manual__2024-09-17T08:07:30.699311+00:00 [queued]>
[2024-09-17T08:09:12.874+0000] {taskinstance.py:2612} INFO - Dependencies all met for dep_context=requeueable deps ti=<TaskInstance: real_estate_pipeline.push_square manual__2024-09-17T08:07:30.699311+00:00 [queued]>
[2024-09-17T08:09:12.878+0000] {taskinstance.py:2865} INFO - Starting attempt 1 of 1
[2024-09-17T08:09:12.945+0000] {taskinstance.py:2888} INFO - Executing <Task(PythonOperator): push_square> on 2024-09-17 08:07:30.699311+00:00
[2024-09-17T08:09:12.953+0000] {standard_task_runner.py:104} INFO - Running: ['airflow', 'tasks', 'run', 'real_estate_pipeline', 'push_square', 'manual__2024-09-17T08:07:30.699311+00:00', '--job-id', '96', '--raw', '--subdir', 'DAGS_FOLDER/real_estate_dag.py', '--cfg-path', '/tmp/tmp5fceccg2']
[2024-09-17T08:09:12.955+0000] {standard_task_runner.py:105} INFO - Job 96: Subtask push_square
[2024-09-17T08:09:12.961+0000] {logging_mixin.py:190} WARNING - /home/airflow/.local/lib/python3.12/site-packages/airflow/task/task_runner/standard_task_runner.py:70 DeprecationWarning: This process (pid=242) is multi-threaded, use of fork() may lead to deadlocks in the child.
[2024-09-17T08:09:12.962+0000] {standard_task_runner.py:72} INFO - Started process 259 to run task
[2024-09-17T08:09:13.121+0000] {task_command.py:467} INFO - Running <TaskInstance: real_estate_pipeline.push_square manual__2024-09-17T08:07:30.699311+00:00 [running]> on host 1083859d72d8
[2024-09-17T08:09:13.305+0000] {taskinstance.py:3131} INFO - Exporting env vars: AIRFLOW_CTX_DAG_OWNER='airflow' AIRFLOW_CTX_DAG_ID='real_estate_pipeline' AIRFLOW_CTX_TASK_ID='push_square' AIRFLOW_CTX_EXECUTION_DATE='2024-09-17T08:07:30.699311+00:00' AIRFLOW_CTX_TRY_NUMBER='1' AIRFLOW_CTX_DAG_RUN_ID='manual__2024-09-17T08:07:30.699311+00:00'
[2024-09-17T08:09:13.306+0000] {taskinstance.py:731} INFO - ::endgroup::
[2024-09-17T08:09:13.381+0000] {logging_mixin.py:190} INFO - Failed to send data. Status Code: 500, Response: <!doctype html>
<html lang=en>
  <head>
    <title>sqlalchemy.exc.InterfaceError: (sqlite3.InterfaceError) Error binding parameter 3 - probably unsupported type.
[SQL: INSERT INTO property (link, code, description, images, lastmodifiedon, municipality, location, surfacearea, numberofrooms, numberofsleepingroms, floornumber, interior, numberofbathrooms, balcony, yard, airconditioning, heating, propertysheet, price,  ... 205 characters truncated ...  ?, ?, ?, ?, ?, ?, ?, ?, ?, ?, ?, ?, ?, ?, ?, ?, ?, ?, ?, ?, ?, ?, ?, ?, ?, ?, ?, ?, ?) RETURNING id]
[parameters: (None, &#39;2234&#39;, None, [&#39;https://www.square.mk/wp-content/uploads/2024/07/image001-39.jpg&#39;, &#39;https://www.square.mk/wp-content/uploads/2024/07/image002-39.jpg&#39;, &#39;https://www. ... (448 characters truncated) ... ge009-31.jpg&#39;, &#39;https://www.square.mk/wp-content/uploads/2024/07/image010-24.jpg&#39;, &#39;https://www.square.mk/wp-content/uploads/2024/07/image011-22.jpg&#39;], None, &#39;Џевахир&#39;, None, &#39;82 m2&#39;, &#39;Two bedroom&#39;, &#39;2&#39;, &#39;Камери&#39;, None, &#39;1&#39;, None, None, None, None, &#39;Да&#39;, &#39;135000 &#39;, None, &#39;БЕЗ ПРОВИЗИЈА&#39;, None, None, None, &#39;Инвертер&#39;, None, None, &#39;2020&#39;, None, None, None, None, None, None)]
(Background on this error at: https://sqlalche.me/e/20/rvf5)
 // Werkzeug Debugger</title>
    <link rel="stylesheet" href="?__debugger__=yes&amp;cmd=resource&amp;f=style.css">
    <link rel="shortcut icon"
        href="?__debugger__=yes&amp;cmd=resource&amp;f=console.png">
    <script src="?__debugger__=yes&amp;cmd=resource&amp;f=debugger.js"></script>
    <script>
      var CONSOLE_MODE = false,
          EVALEX = false,
          EVALEX_TRUSTED = false,
          SECRET = "OlZRJi8ThG2KjGpDKNMF";
    </script>
  </head>
  <body style="background-color: #fff">
    <div class="debugger">
<h1>InterfaceError</h1>
<div class="detail">
  <p class="errormsg">sqlalchemy.exc.InterfaceError: (sqlite3.InterfaceError) Error binding parameter 3 - probably unsupported type.
[SQL: INSERT INTO property (link, code, description, images, lastmodifiedon, municipality, location, surfacearea, numberofrooms, numberofsleepingroms, floornumber, interior, numberofbathrooms, balcony, yard, airconditioning, heating, propertysheet, price,  ... 205 characters truncated ...  ?, ?, ?, ?, ?, ?, ?, ?, ?, ?, ?, ?, ?, ?, ?, ?, ?, ?, ?, ?, ?, ?, ?, ?, ?, ?, ?, ?, ?) RETURNING id]
[parameters: (None, &#39;2234&#39;, None, [&#39;https://www.square.mk/wp-content/uploads/2024/07/image001-39.jpg&#39;, &#39;https://www.square.mk/wp-content/uploads/2024/07/image002-39.jpg&#39;, &#39;https://www. ... (448 characters truncated) ... ge009-31.jpg&#39;, &#39;https://www.square.mk/wp-content/uploads/2024/07/image010-24.jpg&#39;, &#39;https://www.square.mk/wp-content/uploads/2024/07/image011-22.jpg&#39;], None, &#39;Џевахир&#39;, None, &#39;82 m2&#39;, &#39;Two bedroom&#39;, &#39;2&#39;, &#39;Камери&#39;, None, &#39;1&#39;, None, None, None, None, &#39;Да&#39;, &#39;135000 &#39;, None, &#39;БЕЗ ПРОВИЗИЈА&#39;, None, None, None, &#39;Инвертер&#39;, None, None, &#39;2020&#39;, None, None, None, None, None, None)]
(Background on this error at: https://sqlalche.me/e/20/rvf5)
</p>
</div>
<h2 class="traceback">Traceback <em>(most recent call last)</em></h2>
<div class="traceback">
  <h3></h3>
  <ul><li><div class="frame" id="frame-139899338785056">
  <h4>File <cite class="filename">"/usr/local/lib/python3.9/site-packages/sqlalchemy/engine/base.py"</cite>,
      line <em class="line">2118</em>,
      in <code class="function">_exec_insertmany_context</code></h4>
  <div class="source library"><pre class="line before"><span class="ws">                        </span>sub_params,</pre>
<pre class="line before"><span class="ws">                        </span>context,</pre>
<pre class="line before"><span class="ws">                    </span>):</pre>
<pre class="line before"><span class="ws">                        </span>break</pre>
<pre class="line before"><span class="ws">                </span>else:</pre>
<pre class="line current"><span class="ws">                    </span>dialect.do_execute(</pre>
<pre class="line after"><span class="ws">                        </span>cursor,</pre>
<pre class="line after"><span class="ws">                        </span>sub_stmt,</pre>
<pre class="line after"><span class="ws">                        </span>sub_params,</pre>
<pre class="line after"><span class="ws">                        </span>context,</pre>
<pre class="line after"><span class="ws">                    </span>)</pre></div>
</div>

<li><div class="frame" id="frame-139899338785168">
  <h4>File <cite class="filename">"/usr/local/lib/python3.9/site-packages/sqlalchemy/engine/default.py"</cite>,
      line <em class="line">941</em>,
      in <code class="function">do_execute</code></h4>
  <div class="source library"><pre class="line before"><span class="ws"></span> </pre>
<pre class="line before"><span class="ws">    </span>def do_executemany(self, cursor, statement, parameters, context=None):</pre>
<pre class="line before"><span class="ws">        </span>cursor.executemany(statement, parameters)</pre>
<pre class="line before"><span class="ws"></span> </pre>
<pre class="line before"><span class="ws">    </span>def do_execute(self, cursor, statement, parameters, context=None):</pre>
<pre class="line current"><span class="ws">        </span>cursor.execute(statement, parameters)</pre>
<pre class="line after"><span class="ws"></span> </pre>
<pre class="line after"><span class="ws">    </span>def do_execute_no_params(self, cursor, statement, context=None):</pre>
<pre class="line after"><span class="ws">        </span>cursor.execute(statement)</pre>
<pre class="line after"><span class="ws"></span> </pre>
<pre class="line after"><span class="ws">    </span>def is_disconnect(self, e, connection, cursor):</pre></div>
</div>

<li><div class="exc-divider">The above exception was the direct cause of the following exception:</div>
<li><div class="frame" id="frame-139899339206208">
  <h4>File <cite class="filename">"/usr/local/lib/python3.9/site-packages/flask/app.py"</cite>,
      line <em class="line">1498</em>,
      in <code class="function">__call__</code></h4>
  <div class="source library"><pre class="line before"><span class="ws">    </span>) -&gt; cabc.Iterable[bytes]:</pre>
<pre class="line before"><span class="ws">        </span>&#34;&#34;&#34;The WSGI server calls the Flask application object as the</pre>
<pre class="line before"><span class="ws">        </span>WSGI application. This calls :meth:`wsgi_app`, which can be</pre>
<pre class="line before"><span class="ws">        </span>wrapped to apply middleware.</pre>
<pre class="line before"><span class="ws">        </span>&#34;&#34;&#34;</pre>
<pre class="line current"><span class="ws">        </span>return self.wsgi_app(environ, start_response)</pre></div>
</div>

<li><div class="frame" id="frame-139899339206320">
  <h4>File <cite class="filename">"/usr/local/lib/python3.9/site-packages/flask/app.py"</cite>,
      line <em class="line">1476</em>,
      in <code class="function">wsgi_app</code></h4>
  <div class="source library"><pre class="line before"><span class="ws">            </span>try:</pre>
<pre class="line before"><span class="ws">                </span>ctx.push()</pre>
<pre class="line before"><span class="ws">                </span>response = self.full_dispatch_request()</pre>
<pre class="line before"><span class="ws">            </span>except Exception as e:</pre>
<pre class="line before"><span class="ws">                </span>error = e</pre>
<pre class="line current"><span class="ws">                </span>response = self.handle_exception(e)</pre>
<pre class="line after"><span class="ws">            </span>except:  # noqa: B001</pre>
<pre class="line after"><span class="ws">                </span>error = sys.exc_info()[1]</pre>
<pre class="line after"><span class="ws">                </span>raise</pre>
<pre class="line after"><span class="ws">            </span>return response(environ, start_response)</pre>
<pre class="line after"><span class="ws">        </span>finally:</pre></div>
</div>

<li><div class="frame" id="frame-139899338740336">
  <h4>File <cite class="filename">"/usr/local/lib/python3.9/site-packages/flask/app.py"</cite>,
      line <em class="line">1473</em>,
      in <code class="function">wsgi_app</code></h4>
  <div class="source library"><pre class="line before"><span class="ws">        </span>ctx = self.request_context(environ)</pre>
<pre class="line before"><span class="ws">        </span>error: BaseException | None = None</pre>
<pre class="line before"><span class="ws">        </span>try:</pre>
<pre class="line before"><span class="ws">            </span>try:</pre>
<pre class="line before"><span class="ws">                </span>ctx.push()</pre>
<pre class="line current"><span class="ws">                </span>response = self.full_dispatch_request()</pre>
<pre class="line after"><span class="ws">            </span>except Exception as e:</pre>
<pre class="line after"><span class="ws">                </span>error = e</pre>
<pre class="line after"><span class="ws">                </span>response = self.handle_exception(e)</pre>
<pre class="line after"><span class="ws">            </span>except:  # noqa: B001</pre>
<pre class="line after"><span class="ws">                </span>error = sys.exc_info()[1]</pre></div>
</div>

<li><div class="frame" id="frame-139899338740448">
  <h4>File <cite class="filename">"/usr/local/lib/python3.9/site-packages/flask/app.py"</cite>,
      line <em class="line">882</em>,
      in <code class="function">full_dispatch_request</code></h4>
  <div class="source library"><pre class="line before"><span class="ws">            </span>request_started.send(self, _async_wrapper=self.ensure_sync)</pre>
<pre class="line before"><span class="ws">            </span>rv = self.preprocess_request()</pre>
<pre class="line before"><span class="ws">            </span>if rv is None:</pre>
<pre class="line before"><span class="ws">                </span>rv = self.dispatch_request()</pre>
<pre class="line before"><span class="ws">        </span>except Exception as e:</pre>
<pre class="line current"><span class="ws">            </span>rv = self.handle_user_exception(e)</pre>
<pre class="line after"><span class="ws">        </span>return self.finalize_request(rv)</pre>
<pre class="line after"><span class="ws"></span> </pre>
<pre class="line after"><span class="ws">    </span>def finalize_request(</pre>
<pre class="line after"><span class="ws">        </span>self,</pre>
<pre class="line after"><span class="ws">        </span>rv: ft.ResponseReturnValue | HTTPException,</pre></div>
</div>

<li><div class="frame" id="frame-139899338740784">
  <h4>File <cite class="filename">"/usr/local/lib/python3.9/site-packages/flask/app.py"</cite>,
      line <em class="line">880</em>,
      in <code class="function">full_dispatch_request</code></h4>
  <div class="source library"><pre class="line before"><span class="ws"></span> </pre>
<pre class="line before"><span class="ws">        </span>try:</pre>
<pre class="line before"><span class="ws">            </span>request_started.send(self, _async_wrapper=self.ensure_sync)</pre>
<pre class="line before"><span class="ws">            </span>rv = self.preprocess_request()</pre>
<pre class="line before"><span class="ws">            </span>if rv is None:</pre>
<pre class="line current"><span class="ws">                </span>rv = self.dispatch_request()</pre>
<pre class="line after"><span class="ws">        </span>except Exception as e:</pre>
<pre class="line after"><span class="ws">            </span>rv = self.handle_user_exception(e)</pre>
<pre class="line after"><span class="ws">        </span>return self.finalize_request(rv)</pre>
<pre class="line after"><span class="ws"></span> </pre>
<pre class="line after"><span class="ws">    </span>def finalize_request(</pre></div>
</div>

<li><div class="frame" id="frame-139899338740896">
  <h4>File <cite class="filename">"/usr/local/lib/python3.9/site-packages/flask/app.py"</cite>,
      line <em class="line">865</em>,
      in <code class="function">dispatch_request</code></h4>
  <div class="source library"><pre class="line before"><span class="ws">            </span>and req.method == &#34;OPTIONS&#34;</pre>
<pre class="line before"><span class="ws">        </span>):</pre>
<pre class="line before"><span class="ws">            </span>return self.make_default_options_response()</pre>
<pre class="line before"><span class="ws">        </span># otherwise dispatch to the handler for that endpoint</pre>
<pre class="line before"><span class="ws">        </span>view_args: dict[str, t.Any] = req.view_args  # type: ignore[assignment]</pre>
<pre class="line current"><span class="ws">        </span>return self.ensure_sync(self.view_functions[rule.endpoint])(**view_args)  # type: ignore[no-any-return]</pre>
<pre class="line after"><span class="ws"></span> </pre>
<pre class="line after"><span class="ws">    </span>def full_dispatch_request(self) -&gt; Response:</pre>
<pre class="line after"><span class="ws">        </span>&#34;&#34;&#34;Dispatches the request and on top of that performs request</pre>
<pre class="line after"><span class="ws">        </span>pre and postprocessing as well as HTTP exception catching and</pre>
<pre class="line after"><span class="ws">        </span>error handling.</pre></div>
</div>

<li><div class="frame" id="frame-139899338741008">
  <h4>File <cite class="filename">"/app/app.py"</cite>,
      line <em class="line">58</em>,
      in <code class="function">create_properties</code></h4>
  <div class="source "><pre class="line before"><span class="ws"></span>def create_properties():</pre>
<pre class="line before"><span class="ws">    </span>data = request.json  # This should be a list of property objects</pre>
<pre class="line before"><span class="ws">    </span>for property_data in data:</pre>
<pre class="line before"><span class="ws">        </span>new_property = Property(**property_data)</pre>
<pre class="line before"><span class="ws">        </span>db.session.add(new_property)</pre>
<pre class="line current"><span class="ws">    </span>db.session.commit()</pre>
<pre class="line after"><span class="ws"></span> </pre>
<pre class="line after"><span class="ws"></span> </pre>
<pre class="line after"><span class="ws">    </span>return jsonify({</pre>
<pre class="line after"><span class="ws">        </span>&#34;message&#34;: &#34;All property data saved successfully&#34;,</pre>
<pre class="line after"><span class="ws">        </span>&#34;saved_count&#34;: len(data)</pre></div>
</div>

<li><div class="frame" id="frame-139899338741120">
  <h4>File <cite class="filename">"/usr/local/lib/python3.9/site-packages/sqlalchemy/orm/scoping.py"</cite>,
      line <em class="line">597</em>,
      in <code class="function">commit</code></h4>
  <div class="source library"><pre class="line before"><span class="ws">            </span>:ref:`asyncio_orm_avoid_lazyloads`</pre>
<pre class="line before"><span class="ws"></span> </pre>
<pre class="line before"><span class="ws"></span> </pre>
<pre class="line before"><span class="ws">        </span>&#34;&#34;&#34;  # noqa: E501</pre>
<pre class="line before"><span class="ws"></span> </pre>
<pre class="line current"><span class="ws">        </span>return self._proxied.commit()</pre>
<pre class="line after"><span class="ws"></span> </pre>
<pre class="line after"><span class="ws">    </span>def connection(</pre>
<pre class="line after"><span class="ws">        </span>self,</pre>
<pre class="line after"><span class="ws">        </span>bind_arguments: Optional[_BindArguments] = None,</pre>
<pre class="line after"><span class="ws">        </span>execution_options: Optional[CoreExecuteOptionsParameter] = None,</pre></div>
</div>

<li><div class="frame" id="frame-139899338741232">
  <h4>File <cite class="filename">"/usr/local/lib/python3.9/site-packages/sqlalchemy/orm/session.py"</cite>,
      line <em class="line">2028</em>,
      in <code class="function">commit</code></h4>
  <div class="source library"><pre class="line before"><span class="ws">        </span>&#34;&#34;&#34;</pre>
<pre class="line before"><span class="ws">        </span>trans = self._transaction</pre>
<pre class="line before"><span class="ws">        </span>if trans is None:</pre>
<pre class="line before"><span class="ws">            </span>trans = self._autobegin_t()</pre>
<pre class="line before"><span class="ws"></span> </pre>
<pre class="line current"><span class="ws">        </span>trans.commit(_to_root=True)</pre>
<pre class="line after"><span class="ws"></span> </pre>
<pre class="line after"><span class="ws">    </span>def prepare(self) -&gt; None:</pre>
<pre class="line after"><span class="ws">        </span>&#34;&#34;&#34;Prepare the current transaction in progress for two phase commit.</pre>
<pre class="line after"><span class="ws"></span> </pre>
<pre class="line after"><span class="ws">        </span>If no transaction is in progress, this method raises an</pre></div>
</div>

<li><div class="frame" id="frame-139899338741344">
  <h4>File <cite class="filename">"&lt;string&gt;"</cite>,
      line <em class="line">2</em>,
      in <code class="function">commit</code></h4>
  <div class="source "></div>
</div>

<li><div class="frame" id="frame-139899338741456">
  <h4>File <cite class="filename">"/usr/local/lib/python3.9/site-packages/sqlalchemy/orm/state_changes.py"</cite>,
      line <em class="line">139</em>,
      in <code class="function">_go</code></h4>
  <div class="source library"><pre class="line before"><span class="ws">                    </span>)</pre>
<pre class="line before"><span class="ws"></span> </pre>
<pre class="line before"><span class="ws">            </span>self._current_fn = fn</pre>
<pre class="line before"><span class="ws">            </span>self._next_state = _StateChangeStates.CHANGE_IN_PROGRESS</pre>
<pre class="line before"><span class="ws">            </span>try:</pre>
<pre class="line current"><span class="ws">                </span>ret_value = fn(self, *arg, **kw)</pre>
<pre class="line after"><span class="ws">            </span>except:</pre>
<pre class="line after"><span class="ws">                </span>raise</pre>
<pre class="line after"><span class="ws">            </span>else:</pre>
<pre class="line after"><span class="ws">                </span>if self._state is expect_state:</pre>
<pre class="line after"><span class="ws">                    </span>return ret_value</pre></div>
</div>

<li><div class="frame" id="frame-139899338741568">
  <h4>File <cite class="filename">"/usr/local/lib/python3.9/site-packages/sqlalchemy/orm/session.py"</cite>,
      line <em class="line">1313</em>,
      in <code class="function">commit</code></h4>
  <div class="source library"><pre class="line before"><span class="ws">        </span>SessionTransactionState.CLOSED,</pre>
<pre class="line before"><span class="ws">    </span>)</pre>
<pre class="line before"><span class="ws">    </span>def commit(self, _to_root: bool = False) -&gt; None:</pre>
<pre class="line before"><span class="ws">        </span>if self._state is not SessionTransactionState.PREPARED:</pre>
<pre class="line before"><span class="ws">            </span>with self._expect_state(SessionTransactionState.PREPARED):</pre>
<pre class="line current"><span class="ws">                </span>self._prepare_impl()</pre>
<pre class="line after"><span class="ws"></span> </pre>
<pre class="line after"><span class="ws">        </span>if self._parent is None or self.nested:</pre>
<pre class="line after"><span class="ws">            </span>for conn, trans, should_commit, autoclose in set(</pre>
<pre class="line after"><span class="ws">                </span>self._connections.values()</pre>
<pre class="line after"><span class="ws">            </span>):</pre></div>
</div>

<li><div class="frame" id="frame-139899338741680">
  <h4>File <cite class="filename">"&lt;string&gt;"</cite>,
      line <em class="line">2</em>,
      in <code class="function">_prepare_impl</code></h4>
  <div class="source "></div>
</div>

<li><div class="frame" id="frame-139899338741792">
  <h4>File <cite class="filename">"/usr/local/lib/python3.9/site-packages/sqlalchemy/orm/state_changes.py"</cite>,
      line <em class="line">139</em>,
      in <code class="function">_go</code></h4>
  <div class="source library"><pre class="line before"><span class="ws">                    </span>)</pre>
<pre class="line before"><span class="ws"></span> </pre>
<pre class="line before"><span class="ws">            </span>self._current_fn = fn</pre>
<pre class="line before"><span class="ws">            </span>self._next_state = _StateChangeStates.CHANGE_IN_PROGRESS</pre>
<pre class="line before"><span class="ws">            </span>try:</pre>
<pre class="line current"><span class="ws">                </span>ret_value = fn(self, *arg, **kw)</pre>
<pre class="line after"><span class="ws">            </span>except:</pre>
<pre class="line after"><span class="ws">                </span>raise</pre>
<pre class="line after"><span class="ws">            </span>else:</pre>
<pre class="line after"><span class="ws">                </span>if self._state is expect_state:</pre>
<pre class="line after"><span class="ws">                    </span>return ret_value</pre></div>
</div>

<li><div class="frame" id="frame-139899338741904">
  <h4>File <cite class="filename">"/usr/local/lib/python3.9/site-packages/sqlalchemy/orm/session.py"</cite>,
      line <em class="line">1288</em>,
      in <code class="function">_prepare_impl</code></h4>
  <div class="source library"><pre class="line before"><span class="ws"></span> </pre>
<pre class="line before"><span class="ws">        </span>if not self.session._flushing:</pre>
<pre class="line before"><span class="ws">            </span>for _flush_guard in range(100):</pre>
<pre class="line before"><span class="ws">                </span>if self.session._is_clean():</pre>
<pre class="line before"><span class="ws">                    </span>break</pre>
<pre class="line current"><span class="ws">                </span>self.session.flush()</pre>
<pre class="line after"><span class="ws">            </span>else:</pre>
<pre class="line after"><span class="ws">                </span>raise exc.FlushError(</pre>
<pre class="line after"><span class="ws">                    </span>&#34;Over 100 subsequent flushes have occurred within &#34;</pre>
<pre class="line after"><span class="ws">                    </span>&#34;session.commit() - is an after_flush() hook &#34;</pre>
<pre class="line after"><span class="ws">                    </span>&#34;creating new objects?&#34;</pre></div>
</div>

<li><div class="frame" id="frame-139899338742016">
  <h4>File <cite class="filename">"/usr/local/lib/python3.9/site-packages/sqlalchemy/orm/session.py"</cite>,
      line <em class="line">4352</em>,
      in <code class="function">flush</code></h4>
  <div class="source library"><pre class="line before"><span class="ws"></span> </pre>
<pre class="line before"><span class="ws">        </span>if self._is_clean():</pre>
<pre class="line before"><span class="ws">            </span>return</pre>
<pre class="line before"><span class="ws">        </span>try:</pre>
<pre class="line before"><span class="ws">            </span>self._flushing = True</pre>
<pre class="line current"><span class="ws">            </span>self._flush(objects)</pre>
<pre class="line after"><span class="ws">        </span>finally:</pre>
<pre class="line after"><span class="ws">            </span>self._flushing = False</pre>
<pre class="line after"><span class="ws"></span> </pre>
<pre class="line after"><span class="ws">    </span>def _flush_warning(self, method: Any) -&gt; None:</pre>
<pre class="line after"><span class="ws">        </span>util.warn(</pre></div>
</div>

<li><div class="frame" id="frame-139899338742128">
  <h4>File <cite class="filename">"/usr/local/lib/python3.9/site-packages/sqlalchemy/orm/session.py"</cite>,
      line <em class="line">4488</em>,
      in <code class="function">_flush</code></h4>
  <div class="source library"><pre class="line before"><span class="ws"></span> </pre>
<pre class="line before"><span class="ws">            </span>transaction.commit()</pre>
<pre class="line before"><span class="ws"></span> </pre>
<pre class="line before"><span class="ws">        </span>except:</pre>
<pre class="line before"><span class="ws">            </span>with util.safe_reraise():</pre>
<pre class="line current"><span class="ws">                </span>transaction.rollback(_capture_exception=True)</pre>
<pre class="line after"><span class="ws"></span> </pre>
<pre class="line after"><span class="ws">    </span>def bulk_save_objects(</pre>
<pre class="line after"><span class="ws">        </span>self,</pre>
<pre class="line after"><span class="ws">        </span>objects: Iterable[object],</pre>
<pre class="line after"><span class="ws">        </span>return_defaults: bool = False,</pre></div>
</div>

<li><div class="frame" id="frame-139899338742240">
  <h4>File <cite class="filename">"/usr/local/lib/python3.9/site-packages/sqlalchemy/util/langhelpers.py"</cite>,
      line <em class="line">146</em>,
      in <code class="function">__exit__</code></h4>
  <div class="source library"><pre class="line before"><span class="ws">        </span># see #2703 for notes</pre>
<pre class="line before"><span class="ws">        </span>if type_ is None:</pre>
<pre class="line before"><span class="ws">            </span>exc_type, exc_value, exc_tb = self._exc_info</pre>
<pre class="line before"><span class="ws">            </span>assert exc_value is not None</pre>
<pre class="line before"><span class="ws">            </span>self._exc_info = None  # remove potential circular references</pre>
<pre class="line current"><span class="ws">            </span>raise exc_value.with_traceback(exc_tb)</pre>
<pre class="line after"><span class="ws">        </span>else:</pre>
<pre class="line after"><span class="ws">            </span>self._exc_info = None  # remove potential circular references</pre>
<pre class="line after"><span class="ws">            </span>assert value is not None</pre>
<pre class="line after"><span class="ws">            </span>raise value.with_traceback(traceback)</pre>
<pre class="line after"><span class="ws"></span> </pre></div>
</div>

<li><div class="frame" id="frame-139899338742352">
  <h4>File <cite class="filename">"/usr/local/lib/python3.9/site-packages/sqlalchemy/orm/session.py"</cite>,
      line <em class="line">4448</em>,
      in <code class="function">_flush</code></h4>
  <div class="source library"><pre class="line before"><span class="ws"></span> </pre>
<pre class="line before"><span class="ws">        </span>flush_context.transaction = transaction = self._autobegin_t()._begin()</pre>
<pre class="line before"><span class="ws">        </span>try:</pre>
<pre class="line before"><span class="ws">            </span>self._warn_on_events = True</pre>
<pre class="line before"><span class="ws">            </span>try:</pre>
<pre class="line current"><span class="ws">                </span>flush_context.execute()</pre>
<pre class="line after"><span class="ws">            </span>finally:</pre>
<pre class="line after"><span class="ws">                </span>self._warn_on_events = False</pre>
<pre class="line after"><span class="ws"></span> </pre>
<pre class="line after"><span class="ws">            </span>self.dispatch.after_flush(self, flush_context)</pre>
<pre class="line after"><span class="ws"></span> </pre></div>
</div>

<li><div class="frame" id="frame-139899338742464">
  <h4>File <cite class="filename">"/usr/local/lib/python3.9/site-packages/sqlalchemy/orm/unitofwork.py"</cite>,
      line <em class="line">466</em>,
      in <code class="function">execute</code></h4>
  <div class="source library"><pre class="line before"><span class="ws">                </span>while set_:</pre>
<pre class="line before"><span class="ws">                    </span>n = set_.pop()</pre>
<pre class="line before"><span class="ws">                    </span>n.execute_aggregate(self, set_)</pre>
<pre class="line before"><span class="ws">        </span>else:</pre>
<pre class="line before"><span class="ws">            </span>for rec in topological.sort(self.dependencies, postsort_actions):</pre>
<pre class="line current"><span class="ws">                </span>rec.execute(self)</pre>
<pre class="line after"><span class="ws"></span> </pre>
<pre class="line after"><span class="ws">    </span>def finalize_flush_changes(self) -&gt; None:</pre>
<pre class="line after"><span class="ws">        </span>&#34;&#34;&#34;Mark processed objects as clean / deleted after a successful</pre>
<pre class="line after"><span class="ws">        </span>flush().</pre>
<pre class="line after"><span class="ws"></span> </pre></div>
</div>

<li><div class="frame" id="frame-139899338742576">
  <h4>File <cite class="filename">"/usr/local/lib/python3.9/site-packages/sqlalchemy/orm/unitofwork.py"</cite>,
      line <em class="line">642</em>,
      in <code class="function">execute</code></h4>
  <div class="source library"><pre class="line before"><span class="ws">        </span>self.sort_key = (&#34;SaveUpdateAll&#34;, mapper._sort_key)</pre>
<pre class="line before"><span class="ws">        </span>assert mapper is mapper.base_mapper</pre>
<pre class="line before"><span class="ws"></span> </pre>
<pre class="line before"><span class="ws">    </span>@util.preload_module(&#34;sqlalchemy.orm.persistence&#34;)</pre>
<pre class="line before"><span class="ws">    </span>def execute(self, uow):</pre>
<pre class="line current"><span class="ws">        </span>util.preloaded.orm_persistence.save_obj(</pre>
<pre class="line after"><span class="ws">            </span>self.mapper,</pre>
<pre class="line after"><span class="ws">            </span>uow.states_for_mapper_hierarchy(self.mapper, False, False),</pre>
<pre class="line after"><span class="ws">            </span>uow,</pre>
<pre class="line after"><span class="ws">        </span>)</pre>
<pre class="line after"><span class="ws"></span> </pre></div>
</div>

<li><div class="frame" id="frame-139899338742688">
  <h4>File <cite class="filename">"/usr/local/lib/python3.9/site-packages/sqlalchemy/orm/persistence.py"</cite>,
      line <em class="line">93</em>,
      in <code class="function">save_obj</code></h4>
  <div class="source library"><pre class="line before"><span class="ws">            </span>mapper,</pre>
<pre class="line before"><span class="ws">            </span>table,</pre>
<pre class="line before"><span class="ws">            </span>update,</pre>
<pre class="line before"><span class="ws">        </span>)</pre>
<pre class="line before"><span class="ws"></span> </pre>
<pre class="line current"><span class="ws">        </span>_emit_insert_statements(</pre>
<pre class="line after"><span class="ws">            </span>base_mapper,</pre>
<pre class="line after"><span class="ws">            </span>uowtransaction,</pre>
<pre class="line after"><span class="ws">            </span>mapper,</pre>
<pre class="line after"><span class="ws">            </span>table,</pre>
<pre class="line after"><span class="ws">            </span>insert,</pre></div>
</div>

<li><div class="frame" id="frame-139899338742800">
  <h4>File <cite class="filename">"/usr/local/lib/python3.9/site-packages/sqlalchemy/orm/persistence.py"</cite>,
      line <em class="line">1143</em>,
      in <code class="function">_emit_insert_statements</code></h4>
  <div class="source library"><pre class="line before"><span class="ws">                </span>)</pre>
<pre class="line before"><span class="ws"></span> </pre>
<pre class="line before"><span class="ws">            </span>if do_executemany:</pre>
<pre class="line before"><span class="ws">                </span>multiparams = [rec[2] for rec in records]</pre>
<pre class="line before"><span class="ws"></span> </pre>
<pre class="line current"><span class="ws">                </span>result = connection.execute(</pre>
<pre class="line after"><span class="ws">                    </span>statement, multiparams, execution_options=execution_options</pre>
<pre class="line after"><span class="ws">                </span>)</pre>
<pre class="line after"><span class="ws"></span> </pre>
<pre class="line after"><span class="ws">                </span>if use_orm_insert_stmt is not None:</pre>
<pre class="line after"><span class="ws">                    </span>if return_result is None:</pre></div>
</div>

<li><div class="frame" id="frame-139899338742912">
  <h4>File <cite class="filename">"/usr/local/lib/python3.9/site-packages/sqlalchemy/engine/base.py"</cite>,
      line <em class="line">1418</em>,
      in <code class="function">execute</code></h4>
  <div class="source library"><pre class="line before"><span class="ws">        </span>try:</pre>
<pre class="line before"><span class="ws">            </span>meth = statement._execute_on_connection</pre>
<pre class="line before"><span class="ws">        </span>except AttributeError as err:</pre>
<pre class="line before"><span class="ws">            </span>raise exc.ObjectNotExecutableError(statement) from err</pre>
<pre class="line before"><span class="ws">        </span>else:</pre>
<pre class="line current"><span class="ws">            </span>return meth(</pre>
<pre class="line after"><span class="ws">                </span>self,</pre>
<pre class="line after"><span class="ws">                </span>distilled_parameters,</pre>
<pre class="line after"><span class="ws">                </span>execution_options or NO_OPTIONS,</pre>
<pre class="line after"><span class="ws">            </span>)</pre>
<pre class="line after"><span class="ws"></span> </pre></div>
</div>

<li><div class="frame" id="frame-139899338743024">
  <h4>File <cite class="filename">"/usr/local/lib/python3.9/site-packages/sqlalchemy/sql/elements.py"</cite>,
      line <em class="line">515</em>,
      in <code class="function">_execute_on_connection</code></h4>
  <div class="source library"><pre class="line before"><span class="ws">        </span>execution_options: CoreExecuteOptionsParameter,</pre>
<pre class="line before"><span class="ws">    </span>) -&gt; Result[Any]:</pre>
<pre class="line before"><span class="ws">        </span>if self.supports_execution:</pre>
<pre class="line before"><span class="ws">            </span>if TYPE_CHECKING:</pre>
<pre class="line before"><span class="ws">                </span>assert isinstance(self, Executable)</pre>
<pre class="line current"><span class="ws">            </span>return connection._execute_clauseelement(</pre>
<pre class="line after"><span class="ws">                </span>self, distilled_params, execution_options</pre>
<pre class="line after"><span class="ws">            </span>)</pre>
<pre class="line after"><span class="ws">        </span>else:</pre>
<pre class="line after"><span class="ws">            </span>raise exc.ObjectNotExecutableError(self)</pre>
<pre class="line after"><span class="ws"></span> </pre></div>
</div>

<li><div class="frame" id="frame-139899338743136">
  <h4>File <cite class="filename">"/usr/local/lib/python3.9/site-packages/sqlalchemy/engine/base.py"</cite>,
      line <em class="line">1640</em>,
      in <code class="function">_execute_clauseelement</code></h4>
  <div class="source library"><pre class="line before"><span class="ws">            </span>column_keys=keys,</pre>
<pre class="line before"><span class="ws">            </span>for_executemany=for_executemany,</pre>
<pre class="line before"><span class="ws">            </span>schema_translate_map=schema_translate_map,</pre>
<pre class="line before"><span class="ws">            </span>linting=self.dialect.compiler_linting | compiler.WARN_LINTING,</pre>
<pre class="line before"><span class="ws">        </span>)</pre>
<pre class="line current"><span class="ws">        </span>ret = self._execute_context(</pre>
<pre class="line after"><span class="ws">            </span>dialect,</pre>
<pre class="line after"><span class="ws">            </span>dialect.execution_ctx_cls._init_compiled,</pre>
<pre class="line after"><span class="ws">            </span>compiled_sql,</pre>
<pre class="line after"><span class="ws">            </span>distilled_parameters,</pre>
<pre class="line after"><span class="ws">            </span>execution_options,</pre></div>
</div>

<li><div class="frame" id="frame-139899338743248">
  <h4>File <cite class="filename">"/usr/local/lib/python3.9/site-packages/sqlalchemy/engine/base.py"</cite>,
      line <em class="line">1844</em>,
      in <code class="function">_execute_context</code></h4>
  <div class="source library"><pre class="line before"><span class="ws">            </span>self._autobegin()</pre>
<pre class="line before"><span class="ws"></span> </pre>
<pre class="line before"><span class="ws">        </span>context.pre_exec()</pre>
<pre class="line before"><span class="ws"></span> </pre>
<pre class="line before"><span class="ws">        </span>if context.execute_style is ExecuteStyle.INSERTMANYVALUES:</pre>
<pre class="line current"><span class="ws">            </span>return self._exec_insertmany_context(dialect, context)</pre>
<pre class="line after"><span class="ws">        </span>else:</pre>
<pre class="line after"><span class="ws">            </span>return self._exec_single_context(</pre>
<pre class="line after"><span class="ws">                </span>dialect, context, statement, parameters</pre>
<pre class="line after"><span class="ws">            </span>)</pre>
<pre class="line after"><span class="ws"></span> </pre></div>
</div>

<li><div class="frame" id="frame-139899338743472">
  <h4>File <cite class="filename">"/usr/local/lib/python3.9/site-packages/sqlalchemy/engine/base.py"</cite>,
      line <em class="line">2126</em>,
      in <code class="function">_exec_insertmany_context</code></h4>
  <div class="source library"><pre class="line before"><span class="ws">                        </span>sub_params,</pre>
<pre class="line before"><span class="ws">                        </span>context,</pre>
<pre class="line before"><span class="ws">                    </span>)</pre>
<pre class="line before"><span class="ws"></span> </pre>
<pre class="line before"><span class="ws">            </span>except BaseException as e:</pre>
<pre class="line current"><span class="ws">                </span>self._handle_dbapi_exception(</pre>
<pre class="line after"><span class="ws">                    </span>e,</pre>
<pre class="line after"><span class="ws">                    </span>sql_util._long_statement(sub_stmt),</pre>
<pre class="line after"><span class="ws">                    </span>sub_params,</pre>
<pre class="line after"><span class="ws">                    </span>cursor,</pre>
<pre class="line after"><span class="ws">                    </span>context,</pre></div>
</div>

<li><div class="frame" id="frame-139899338743584">
  <h4>File <cite class="filename">"/usr/local/lib/python3.9/site-packages/sqlalchemy/engine/base.py"</cite>,
      line <em class="line">2355</em>,
      in <code class="function">_handle_dbapi_exception</code></h4>
  <div class="source library"><pre class="line before"><span class="ws"></span> </pre>
<pre class="line before"><span class="ws">            </span>if newraise:</pre>
<pre class="line before"><span class="ws">                </span>raise newraise.with_traceback(exc_info[2]) from e</pre>
<pre class="line before"><span class="ws">            </span>elif should_wrap:</pre>
<pre class="line before"><span class="ws">                </span>assert sqlalchemy_exception is not None</pre>
<pre class="line current"><span class="ws">                </span>raise sqlalchemy_exception.with_traceback(exc_info[2]) from e</pre>
<pre class="line after"><span class="ws">            </span>else:</pre>
<pre class="line after"><span class="ws">                </span>assert exc_info[1] is not None</pre>
<pre class="line after"><span class="ws">                </span>raise exc_info[1].with_traceback(exc_info[2])</pre>
<pre class="line after"><span class="ws">        </span>finally:</pre>
<pre class="line after"><span class="ws">            </span>del self._reentrant_error</pre></div>
</div>

<li><div class="frame" id="frame-139899338784832">
  <h4>File <cite class="filename">"/usr/local/lib/python3.9/site-packages/sqlalchemy/engine/base.py"</cite>,
      line <em class="line">2118</em>,
      in <code class="function">_exec_insertmany_context</code></h4>
  <div class="source library"><pre class="line before"><span class="ws">                        </span>sub_params,</pre>
<pre class="line before"><span class="ws">                        </span>context,</pre>
<pre class="line before"><span class="ws">                    </span>):</pre>
<pre class="line before"><span class="ws">                        </span>break</pre>
<pre class="line before"><span class="ws">                </span>else:</pre>
<pre class="line current"><span class="ws">                    </span>dialect.do_execute(</pre>
<pre class="line after"><span class="ws">                        </span>cursor,</pre>
<pre class="line after"><span class="ws">                        </span>sub_stmt,</pre>
<pre class="line after"><span class="ws">                        </span>sub_params,</pre>
<pre class="line after"><span class="ws">                        </span>context,</pre>
<pre class="line after"><span class="ws">                    </span>)</pre></div>
</div>

<li><div class="frame" id="frame-139899338784944">
  <h4>File <cite class="filename">"/usr/local/lib/python3.9/site-packages/sqlalchemy/engine/default.py"</cite>,
      line <em class="line">941</em>,
      in <code class="function">do_execute</code></h4>
  <div class="source library"><pre class="line before"><span class="ws"></span> </pre>
<pre class="line before"><span class="ws">    </span>def do_executemany(self, cursor, statement, parameters, context=None):</pre>
<pre class="line before"><span class="ws">        </span>cursor.executemany(statement, parameters)</pre>
<pre class="line before"><span class="ws"></span> </pre>
<pre class="line before"><span class="ws">    </span>def do_execute(self, cursor, statement, parameters, context=None):</pre>
<pre class="line current"><span class="ws">        </span>cursor.execute(statement, parameters)</pre>
<pre class="line after"><span class="ws"></span> </pre>
<pre class="line after"><span class="ws">    </span>def do_execute_no_params(self, cursor, statement, context=None):</pre>
<pre class="line after"><span class="ws">        </span>cursor.execute(statement)</pre>
<pre class="line after"><span class="ws"></span> </pre>
<pre class="line after"><span class="ws">    </span>def is_disconnect(self, e, connection, cursor):</pre></div>
</div>
</ul>
  <blockquote>sqlalchemy.exc.InterfaceError: (sqlite3.InterfaceError) Error binding parameter 3 - probably unsupported type.
[SQL: INSERT INTO property (link, code, description, images, lastmodifiedon, municipality, location, surfacearea, numberofrooms, numberofsleepingroms, floornumber, interior, numberofbathrooms, balcony, yard, airconditioning, heating, propertysheet, price,  ... 205 characters truncated ...  ?, ?, ?, ?, ?, ?, ?, ?, ?, ?, ?, ?, ?, ?, ?, ?, ?, ?, ?, ?, ?, ?, ?, ?, ?, ?, ?, ?, ?) RETURNING id]
[parameters: (None, &#39;2234&#39;, None, [&#39;https://www.square.mk/wp-content/uploads/2024/07/image001-39.jpg&#39;, &#39;https://www.square.mk/wp-content/uploads/2024/07/image002-39.jpg&#39;, &#39;https://www. ... (448 characters truncated) ... ge009-31.jpg&#39;, &#39;https://www.square.mk/wp-content/uploads/2024/07/image010-24.jpg&#39;, &#39;https://www.square.mk/wp-content/uploads/2024/07/image011-22.jpg&#39;], None, &#39;Џевахир&#39;, None, &#39;82 m2&#39;, &#39;Two bedroom&#39;, &#39;2&#39;, &#39;Камери&#39;, None, &#39;1&#39;, None, None, None, None, &#39;Да&#39;, &#39;135000 &#39;, None, &#39;БЕЗ ПРОВИЗИЈА&#39;, None, None, None, &#39;Инвертер&#39;, None, None, &#39;2020&#39;, None, None, None, None, None, None)]
(Background on this error at: https://sqlalche.me/e/20/rvf5)
</blockquote>
</div>

<div class="plain">
    <p>
      This is the Copy/Paste friendly version of the traceback.
    </p>
    <textarea cols="50" rows="10" name="code" readonly>Traceback (most recent call last):
  File &#34;/usr/local/lib/python3.9/site-packages/sqlalchemy/engine/base.py&#34;, line 2118, in _exec_insertmany_context
    dialect.do_execute(
  File &#34;/usr/local/lib/python3.9/site-packages/sqlalchemy/engine/default.py&#34;, line 941, in do_execute
    cursor.execute(statement, parameters)
sqlite3.InterfaceError: Error binding parameter 3 - probably unsupported type.

The above exception was the direct cause of the following exception:

Traceback (most recent call last):
  File &#34;/usr/local/lib/python3.9/site-packages/flask/app.py&#34;, line 1498, in __call__
    return self.wsgi_app(environ, start_response)
  File &#34;/usr/local/lib/python3.9/site-packages/flask/app.py&#34;, line 1476, in wsgi_app
    response = self.handle_exception(e)
  File &#34;/usr/local/lib/python3.9/site-packages/flask/app.py&#34;, line 1473, in wsgi_app
    response = self.full_dispatch_request()
  File &#34;/usr/local/lib/python3.9/site-packages/flask/app.py&#34;, line 882, in full_dispatch_request
    rv = self.handle_user_exception(e)
  File &#34;/usr/local/lib/python3.9/site-packages/flask/app.py&#34;, line 880, in full_dispatch_request
    rv = self.dispatch_request()
  File &#34;/usr/local/lib/python3.9/site-packages/flask/app.py&#34;, line 865, in dispatch_request
    return self.ensure_sync(self.view_functions[rule.endpoint])(**view_args)  # type: ignore[no-any-return]
  File &#34;/app/app.py&#34;, line 58, in create_properties
    db.session.commit()
  File &#34;/usr/local/lib/python3.9/site-packages/sqlalchemy/orm/scoping.py&#34;, line 597, in commit
    return self._proxied.commit()
  File &#34;/usr/local/lib/python3.9/site-packages/sqlalchemy/orm/session.py&#34;, line 2028, in commit
    trans.commit(_to_root=True)
  File &#34;&lt;string&gt;&#34;, line 2, in commit
  File &#34;/usr/local/lib/python3.9/site-packages/sqlalchemy/orm/state_changes.py&#34;, line 139, in _go
    ret_value = fn(self, *arg, **kw)
  File &#34;/usr/local/lib/python3.9/site-packages/sqlalchemy/orm/session.py&#34;, line 1313, in commit
    self._prepare_impl()
  File &#34;&lt;string&gt;&#34;, line 2, in _prepare_impl
  File &#34;/usr/local/lib/python3.9/site-packages/sqlalchemy/orm/state_changes.py&#34;, line 139, in _go
    ret_value = fn(self, *arg, **kw)
  File &#34;/usr/local/lib/python3.9/site-packages/sqlalchemy/orm/session.py&#34;, line 1288, in _prepare_impl
    self.session.flush()
  File &#34;/usr/local/lib/python3.9/site-packages/sqlalchemy/orm/session.py&#34;, line 4352, in flush
    self._flush(objects)
  File &#34;/usr/local/lib/python3.9/site-packages/sqlalchemy/orm/session.py&#34;, line 4488, in _flush
    transaction.rollback(_capture_exception=True)
  File &#34;/usr/local/lib/python3.9/site-packages/sqlalchemy/util/langhelpers.py&#34;, line 146, in __exit__
    raise exc_value.with_traceback(exc_tb)
  File &#34;/usr/local/lib/python3.9/site-packages/sqlalchemy/orm/session.py&#34;, line 4448, in _flush
    flush_context.execute()
  File &#34;/usr/local/lib/python3.9/site-packages/sqlalchemy/orm/unitofwork.py&#34;, line 466, in execute
    rec.execute(self)
  File &#34;/usr/local/lib/python3.9/site-packages/sqlalchemy/orm/unitofwork.py&#34;, line 642, in execute
    util.preloaded.orm_persistence.save_obj(
  File &#34;/usr/local/lib/python3.9/site-packages/sqlalchemy/orm/persistence.py&#34;, line 93, in save_obj
    _emit_insert_statements(
  File &#34;/usr/local/lib/python3.9/site-packages/sqlalchemy/orm/persistence.py&#34;, line 1143, in _emit_insert_statements
    result = connection.execute(
  File &#34;/usr/local/lib/python3.9/site-packages/sqlalchemy/engine/base.py&#34;, line 1418, in execute
    return meth(
  File &#34;/usr/local/lib/python3.9/site-packages/sqlalchemy/sql/elements.py&#34;, line 515, in _execute_on_connection
    return connection._execute_clauseelement(
  File &#34;/usr/local/lib/python3.9/site-packages/sqlalchemy/engine/base.py&#34;, line 1640, in _execute_clauseelement
    ret = self._execute_context(
  File &#34;/usr/local/lib/python3.9/site-packages/sqlalchemy/engine/base.py&#34;, line 1844, in _execute_context
    return self._exec_insertmany_context(dialect, context)
  File &#34;/usr/local/lib/python3.9/site-packages/sqlalchemy/engine/base.py&#34;, line 2126, in _exec_insertmany_context
    self._handle_dbapi_exception(
  File &#34;/usr/local/lib/python3.9/site-packages/sqlalchemy/engine/base.py&#34;, line 2355, in _handle_dbapi_exception
    raise sqlalchemy_exception.with_traceback(exc_info[2]) from e
  File &#34;/usr/local/lib/python3.9/site-packages/sqlalchemy/engine/base.py&#34;, line 2118, in _exec_insertmany_context
    dialect.do_execute(
  File &#34;/usr/local/lib/python3.9/site-packages/sqlalchemy/engine/default.py&#34;, line 941, in do_execute
    cursor.execute(statement, parameters)
sqlalchemy.exc.InterfaceError: (sqlite3.InterfaceError) Error binding parameter 3 - probably unsupported type.
[SQL: INSERT INTO property (link, code, description, images, lastmodifiedon, municipality, location, surfacearea, numberofrooms, numberofsleepingroms, floornumber, interior, numberofbathrooms, balcony, yard, airconditioning, heating, propertysheet, price,  ... 205 characters truncated ...  ?, ?, ?, ?, ?, ?, ?, ?, ?, ?, ?, ?, ?, ?, ?, ?, ?, ?, ?, ?, ?, ?, ?, ?, ?, ?, ?, ?, ?) RETURNING id]
[parameters: (None, &#39;2234&#39;, None, [&#39;https://www.square.mk/wp-content/uploads/2024/07/image001-39.jpg&#39;, &#39;https://www.square.mk/wp-content/uploads/2024/07/image002-39.jpg&#39;, &#39;https://www. ... (448 characters truncated) ... ge009-31.jpg&#39;, &#39;https://www.square.mk/wp-content/uploads/2024/07/image010-24.jpg&#39;, &#39;https://www.square.mk/wp-content/uploads/2024/07/image011-22.jpg&#39;], None, &#39;Џевахир&#39;, None, &#39;82 m2&#39;, &#39;Two bedroom&#39;, &#39;2&#39;, &#39;Камери&#39;, None, &#39;1&#39;, None, None, None, None, &#39;Да&#39;, &#39;135000 &#39;, None, &#39;БЕЗ ПРОВИЗИЈА&#39;, None, None, None, &#39;Инвертер&#39;, None, None, &#39;2020&#39;, None, None, None, None, None, None)]
(Background on this error at: https://sqlalche.me/e/20/rvf5)
</textarea>
</div>
<div class="explanation">
  The debugger caught an exception in your WSGI application.  You can now
  look at the traceback which led to the error.  <span class="nojavascript">
  If you enable JavaScript you can also use additional features such as code
  execution (if the evalex feature is enabled), automatic pasting of the
  exceptions and much more.</span>
</div>
      <div class="footer">
        Brought to you by <strong class="arthur">DON'T PANIC</strong>, your
        friendly Werkzeug powered traceback interpreter.
      </div>
    </div>

    <div class="pin-prompt">
      <div class="inner">
        <h3>Console Locked</h3>
        <p>
          The console is locked and needs to be unlocked by entering the PIN.
          You can find the PIN printed out on the standard output of your
          shell that runs the server.
        <form>
          <p>PIN:
            <input type=text name=pin size=14>
            <input type=submit name=btn value="Confirm Pin">
        </form>
      </div>
    </div>
  </body>
</html>

<!--

Traceback (most recent call last):
  File "/usr/local/lib/python3.9/site-packages/sqlalchemy/engine/base.py", line 2118, in _exec_insertmany_context
    dialect.do_execute(
  File "/usr/local/lib/python3.9/site-packages/sqlalchemy/engine/default.py", line 941, in do_execute
    cursor.execute(statement, parameters)
sqlite3.InterfaceError: Error binding parameter 3 - probably unsupported type.

The above exception was the direct cause of the following exception:

Traceback (most recent call last):
  File "/usr/local/lib/python3.9/site-packages/flask/app.py", line 1498, in __call__
    return self.wsgi_app(environ, start_response)
  File "/usr/local/lib/python3.9/site-packages/flask/app.py", line 1476, in wsgi_app
    response = self.handle_exception(e)
  File "/usr/local/lib/python3.9/site-packages/flask/app.py", line 1473, in wsgi_app
    response = self.full_dispatch_request()
  File "/usr/local/lib/python3.9/site-packages/flask/app.py", line 882, in full_dispatch_request
    rv = self.handle_user_exception(e)
  File "/usr/local/lib/python3.9/site-packages/flask/app.py", line 880, in full_dispatch_request
    rv = self.dispatch_request()
  File "/usr/local/lib/python3.9/site-packages/flask/app.py", line 865, in dispatch_request
    return self.ensure_sync(self.view_functions[rule.endpoint])(**view_args)  # type: ignore[no-any-return]
  File "/app/app.py", line 58, in create_properties
    db.session.commit()
  File "/usr/local/lib/python3.9/site-packages/sqlalchemy/orm/scoping.py", line 597, in commit
    return self._proxied.commit()
  File "/usr/local/lib/python3.9/site-packages/sqlalchemy/orm/session.py", line 2028, in commit
    trans.commit(_to_root=True)
  File "<string>", line 2, in commit
  File "/usr/local/lib/python3.9/site-packages/sqlalchemy/orm/state_changes.py", line 139, in _go
    ret_value = fn(self, *arg, **kw)
  File "/usr/local/lib/python3.9/site-packages/sqlalchemy/orm/session.py", line 1313, in commit
    self._prepare_impl()
  File "<string>", line 2, in _prepare_impl
  File "/usr/local/lib/python3.9/site-packages/sqlalchemy/orm/state_changes.py", line 139, in _go
    ret_value = fn(self, *arg, **kw)
  File "/usr/local/lib/python3.9/site-packages/sqlalchemy/orm/session.py", line 1288, in _prepare_impl
    self.session.flush()
  File "/usr/local/lib/python3.9/site-packages/sqlalchemy/orm/session.py", line 4352, in flush
    self._flush(objects)
  File "/usr/local/lib/python3.9/site-packages/sqlalchemy/orm/session.py", line 4488, in _flush
    transaction.rollback(_capture_exception=True)
  File "/usr/local/lib/python3.9/site-packages/sqlalchemy/util/langhelpers.py", line 146, in __exit__
    raise exc_value.with_traceback(exc_tb)
  File "/usr/local/lib/python3.9/site-packages/sqlalchemy/orm/session.py", line 4448, in _flush
    flush_context.execute()
  File "/usr/local/lib/python3.9/site-packages/sqlalchemy/orm/unitofwork.py", line 466, in execute
    rec.execute(self)
  File "/usr/local/lib/python3.9/site-packages/sqlalchemy/orm/unitofwork.py", line 642, in execute
    util.preloaded.orm_persistence.save_obj(
  File "/usr/local/lib/python3.9/site-packages/sqlalchemy/orm/persistence.py", line 93, in save_obj
    _emit_insert_statements(
  File "/usr/local/lib/python3.9/site-packages/sqlalchemy/orm/persistence.py", line 1143, in _emit_insert_statements
    result = connection.execute(
  File "/usr/local/lib/python3.9/site-packages/sqlalchemy/engine/base.py", line 1418, in execute
    return meth(
  File "/usr/local/lib/python3.9/site-packages/sqlalchemy/sql/elements.py", line 515, in _execute_on_connection
    return connection._execute_clauseelement(
  File "/usr/local/lib/python3.9/site-packages/sqlalchemy/engine/base.py", line 1640, in _execute_clauseelement
    ret = self._execute_context(
  File "/usr/local/lib/python3.9/site-packages/sqlalchemy/engine/base.py", line 1844, in _execute_context
    return self._exec_insertmany_context(dialect, context)
  File "/usr/local/lib/python3.9/site-packages/sqlalchemy/engine/base.py", line 2126, in _exec_insertmany_context
    self._handle_dbapi_exception(
  File "/usr/local/lib/python3.9/site-packages/sqlalchemy/engine/base.py", line 2355, in _handle_dbapi_exception
    raise sqlalchemy_exception.with_traceback(exc_info[2]) from e
  File "/usr/local/lib/python3.9/site-packages/sqlalchemy/engine/base.py", line 2118, in _exec_insertmany_context
    dialect.do_execute(
  File "/usr/local/lib/python3.9/site-packages/sqlalchemy/engine/default.py", line 941, in do_execute
    cursor.execute(statement, parameters)
sqlalchemy.exc.InterfaceError: (sqlite3.InterfaceError) Error binding parameter 3 - probably unsupported type.
[SQL: INSERT INTO property (link, code, description, images, lastmodifiedon, municipality, location, surfacearea, numberofrooms, numberofsleepingroms, floornumber, interior, numberofbathrooms, balcony, yard, airconditioning, heating, propertysheet, price,  ... 205 characters truncated ...  ?, ?, ?, ?, ?, ?, ?, ?, ?, ?, ?, ?, ?, ?, ?, ?, ?, ?, ?, ?, ?, ?, ?, ?, ?, ?, ?, ?, ?) RETURNING id]
[parameters: (None, '2234', None, ['https://www.square.mk/wp-content/uploads/2024/07/image001-39.jpg', 'https://www.square.mk/wp-content/uploads/2024/07/image002-39.jpg', 'https://www. ... (448 characters truncated) ... ge009-31.jpg', 'https://www.square.mk/wp-content/uploads/2024/07/image010-24.jpg', 'https://www.square.mk/wp-content/uploads/2024/07/image011-22.jpg'], None, 'Џевахир', None, '82 m2', 'Two bedroom', '2', 'Камери', None, '1', None, None, None, None, 'Да', '135000 ', None, 'БЕЗ ПРОВИЗИЈА', None, None, None, 'Инвертер', None, None, '2020', None, None, None, None, None, None)]
(Background on this error at: https://sqlalche.me/e/20/rvf5)


-->
[2024-09-17T08:09:13.383+0000] {python.py:240} INFO - Done. Returned value was: None
[2024-09-17T08:09:13.401+0000] {taskinstance.py:340} INFO - ::group::Post task execution logs
[2024-09-17T08:09:13.402+0000] {taskinstance.py:352} INFO - Marking task as SUCCESS. dag_id=real_estate_pipeline, task_id=push_square, run_id=manual__2024-09-17T08:07:30.699311+00:00, execution_date=20240917T080730, start_date=20240917T080912, end_date=20240917T080913
[2024-09-17T08:09:13.458+0000] {local_task_job_runner.py:266} INFO - Task exited with return code 0
[2024-09-17T08:09:13.475+0000] {taskinstance.py:3900} INFO - 0 downstream tasks scheduled from follow-on schedule check
[2024-09-17T08:09:13.477+0000] {local_task_job_runner.py:245} INFO - ::endgroup::
